# JRE version: OpenJDK Runtime Environment (8.0_242) (build 1.8.0_242-release-1644-b3-6915495)
# Java VM: OpenJDK 64-Bit Server VM (25.242-b3-6915495 mixed mode bsd-amd64 compressed oops)
Heap:
 PSYoungGen      total 301568K, used 266951K [0x0000000795580000, 0x00000007b0180000, 0x00000007c0000000)
  eden space 279552K, 95% used [0x0000000795580000,0x00000007a5a31d88,0x00000007a6680000)
  from space 22016K, 0% used [0x00000007a6680000,0x00000007a6680000,0x00000007a7c00000)
  to   space 24576K, 0% used [0x00000007ae980000,0x00000007ae980000,0x00000007b0180000)
 ParOldGen       total 264192K, used 32539K [0x0000000740000000, 0x0000000750200000, 0x0000000795580000)
  object space 264192K, 12% used [0x0000000740000000,0x0000000741fc6dc8,0x0000000750200000)
 Metaspace       used 70936K, capacity 73986K, committed 74368K, reserved 1114112K
  class space    used 9618K, capacity 10256K, committed 10368K, reserved 1048576K
GC Heap History (10 events):
Event: 6.673 GC heap before
{Heap before GC invocations=6 (full 1):
 PSYoungGen      total 205824K, used 51852K [0x0000000795580000, 0x00000007a6a80000, 0x00000007c0000000)
  eden space 195072K, 21% used [0x0000000795580000,0x0000000797da8d90,0x00000007a1400000)
  from space 10752K, 99% used [0x00000007a6000000,0x00000007a6a7a3f8,0x00000007a6a80000)
  to   space 10752K, 0% used [0x00000007a5580000,0x00000007a5580000,0x00000007a6000000)
 ParOldGen       total 110080K, used 13602K [0x0000000740000000, 0x0000000746b80000, 0x0000000795580000)
  object space 110080K, 12% used [0x0000000740000000,0x0000000740d48a88,0x0000000746b80000)
 Metaspace       used 34154K, capacity 35420K, committed 35496K, reserved 1079296K
  class space    used 4623K, capacity 4954K, committed 4992K, reserved 1048576K
Event: 6.685 GC heap after
Heap after GC invocations=6 (full 1):
 PSYoungGen      total 272896K, used 8352K [0x0000000795580000, 0x00000007a8b00000, 0x00000007c0000000)
  eden space 262144K, 0% used [0x0000000795580000,0x0000000795580000,0x00000007a5580000)
  from space 10752K, 77% used [0x00000007a5580000,0x00000007a5da8380,0x00000007a6000000)
  to   space 15360K, 0% used [0x00000007a7c00000,0x00000007a7c00000,0x00000007a8b00000)
 ParOldGen       total 110080K, used 13610K [0x0000000740000000, 0x0000000746b80000, 0x0000000795580000)
  object space 110080K, 12% used [0x0000000740000000,0x0000000740d4aa88,0x0000000746b80000)
 Metaspace       used 34154K, capacity 35420K, committed 35496K, reserved 1079296K
  class space    used 4623K, capacity 4954K, committed 4992K, reserved 1048576K
}
Event: 6.685 GC heap before
{Heap before GC invocations=7 (full 2):
 PSYoungGen      total 272896K, used 8352K [0x0000000795580000, 0x00000007a8b00000, 0x00000007c0000000)
  eden space 262144K, 0% used [0x0000000795580000,0x0000000795580000,0x00000007a5580000)
  from space 10752K, 77% used [0x00000007a5580000,0x00000007a5da8380,0x00000007a6000000)
  to   space 15360K, 0% used [0x00000007a7c00000,0x00000007a7c00000,0x00000007a8b00000)
 ParOldGen       total 110080K, used 13610K [0x0000000740000000, 0x0000000746b80000, 0x0000000795580000)
  object space 110080K, 12% used [0x0000000740000000,0x0000000740d4aa88,0x0000000746b80000)
 Metaspace       used 34154K, capacity 35420K, committed 35496K, reserved 1079296K
  class space    used 4623K, capacity 4954K, committed 4992K, reserved 1048576K
Event: 6.765 GC heap after
Heap after GC invocations=7 (full 2):
 PSYoungGen      total 272896K, used 0K [0x0000000795580000, 0x00000007a8b00000, 0x00000007c0000000)
  eden space 262144K, 0% used [0x0000000795580000,0x0000000795580000,0x00000007a5580000)
  from space 10752K, 0% used [0x00000007a5580000,0x00000007a5580000,0x00000007a6000000)
  to   space 15360K, 0% used [0x00000007a7c00000,0x00000007a7c00000,0x00000007a8b00000)
 ParOldGen       total 176128K, used 14636K [0x0000000740000000, 0x000000074ac00000, 0x0000000795580000)
  object space 176128K, 8% used [0x0000000740000000,0x0000000740e4b148,0x000000074ac00000)
 Metaspace       used 34154K, capacity 35420K, committed 35496K, reserved 1079296K
  class space    used 4623K, capacity 4954K, committed 4992K, reserved 1048576K
}
Event: 10.944 GC heap before
{Heap before GC invocations=8 (full 2):
 PSYoungGen      total 272896K, used 262144K [0x0000000795580000, 0x00000007a8b00000, 0x00000007c0000000)
  eden space 262144K, 100% used [0x0000000795580000,0x00000007a5580000,0x00000007a5580000)
  from space 10752K, 0% used [0x00000007a5580000,0x00000007a5580000,0x00000007a6000000)
  to   space 15360K, 0% used [0x00000007a7c00000,0x00000007a7c00000,0x00000007a8b00000)
 ParOldGen       total 176128K, used 14636K [0x0000000740000000, 0x000000074ac00000, 0x0000000795580000)
  object space 176128K, 8% used [0x0000000740000000,0x0000000740e4b148,0x000000074ac00000)
 Metaspace       used 49921K, capacity 52146K, committed 52352K, reserved 1093632K
  class space    used 6681K, capacity 7217K, committed 7296K, reserved 1048576K
Event: 10.967 GC heap after
Heap after GC invocations=8 (full 2):
 PSYoungGen      total 294912K, used 15358K [0x0000000795580000, 0x00000007ada00000, 0x00000007c0000000)
  eden space 279552K, 0% used [0x0000000795580000,0x0000000795580000,0x00000007a6680000)
  from space 15360K, 99% used [0x00000007a7c00000,0x00000007a8aff908,0x00000007a8b00000)
  to   space 22016K, 0% used [0x00000007a6680000,0x00000007a6680000,0x00000007a7c00000)
 ParOldGen       total 176128K, used 22243K [0x0000000740000000, 0x000000074ac00000, 0x0000000795580000)
  object space 176128K, 12% used [0x0000000740000000,0x00000007415b8fc0,0x000000074ac00000)
 Metaspace       used 49921K, capacity 52146K, committed 52352K, reserved 1093632K
  class space    used 6681K, capacity 7217K, committed 7296K, reserved 1048576K
}
Event: 12.150 GC heap before
{Heap before GC invocations=9 (full 2):
 PSYoungGen      total 294912K, used 92215K [0x0000000795580000, 0x00000007ada00000, 0x00000007c0000000)
  eden space 279552K, 27% used [0x0000000795580000,0x000000079a08e598,0x00000007a6680000)
  from space 15360K, 99% used [0x00000007a7c00000,0x00000007a8aff908,0x00000007a8b00000)
  to   space 22016K, 0% used [0x00000007a6680000,0x00000007a6680000,0x00000007a7c00000)
 ParOldGen       total 176128K, used 22243K [0x0000000740000000, 0x000000074ac00000, 0x0000000795580000)
  object space 176128K, 12% used [0x0000000740000000,0x00000007415b8fc0,0x000000074ac00000)
 Metaspace       used 56612K, capacity 59036K, committed 59160K, reserved 1099776K
  class space    used 7454K, capacity 7994K, committed 8064K, reserved 1048576K
Event: 12.172 GC heap after
Heap after GC invocations=9 (full 2):
 PSYoungGen      total 301568K, used 19651K [0x0000000795580000, 0x00000007b0180000, 0x00000007c0000000)
  eden space 279552K, 0% used [0x0000000795580000,0x0000000795580000,0x00000007a6680000)
  from space 22016K, 89% used [0x00000007a6680000,0x00000007a79b0c78,0x00000007a7c00000)
  to   space 24576K, 0% used [0x00000007ae980000,0x00000007ae980000,0x00000007b0180000)
 ParOldGen       total 176128K, used 22315K [0x0000000740000000, 0x000000074ac00000, 0x0000000795580000)
  object space 176128K, 12% used [0x0000000740000000,0x00000007415cafd0,0x000000074ac00000)
 Metaspace       used 56612K, capacity 59036K, committed 59160K, reserved 1099776K
  class space    used 7454K, capacity 7994K, committed 8064K, reserved 1048576K
}
Event: 12.172 GC heap before
{Heap before GC invocations=10 (full 3):
 PSYoungGen      total 301568K, used 19651K [0x0000000795580000, 0x00000007b0180000, 0x00000007c0000000)
  eden space 279552K, 0% used [0x0000000795580000,0x0000000795580000,0x00000007a6680000)
  from space 22016K, 89% used [0x00000007a6680000,0x00000007a79b0c78,0x00000007a7c00000)
  to   space 24576K, 0% used [0x00000007ae980000,0x00000007ae980000,0x00000007b0180000)
 ParOldGen       total 176128K, used 22315K [0x0000000740000000, 0x000000074ac00000, 0x0000000795580000)
  object space 176128K, 12% used [0x0000000740000000,0x00000007415cafd0,0x000000074ac00000)
 Metaspace       used 56612K, capacity 59036K, committed 59160K, reserved 1099776K
  class space    used 7454K, capacity 7994K, committed 8064K, reserved 1048576K
Event: 12.432 GC heap after
Heap after GC invocations=10 (full 3):
 PSYoungGen      total 301568K, used 0K [0x0000000795580000, 0x00000007b0180000, 0x00000007c0000000)
  eden space 279552K, 0% used [0x0000000795580000,0x0000000795580000,0x00000007a6680000)
  from space 22016K, 0% used [0x00000007a6680000,0x00000007a6680000,0x00000007a7c00000)
  to   space 24576K, 0% used [0x00000007ae980000,0x00000007ae980000,0x00000007b0180000)
 ParOldGen       total 264192K, used 32539K [0x0000000740000000, 0x0000000750200000, 0x0000000795580000)
  object space 264192K, 12% used [0x0000000740000000,0x0000000741fc6dc8,0x0000000750200000)
 Metaspace       used 56522K, capacity 58736K, committed 59160K, reserved 1099776K
  class space    used 7427K, capacity 7922K, committed 8064K, reserved 1048576K
}

