# JRE version: OpenJDK Runtime Environment (8.0_242) (build 1.8.0_242-release-1644-b3-6915495)
# Java VM: OpenJDK 64-Bit Server VM (25.242-b3-6915495 mixed mode bsd-amd64 compressed oops)
Heap:
 PSYoungGen      total 315392K, used 236799K [0x0000000795580000, 0x00000007aac80000, 0x00000007c0000000)
  eden space 295424K, 80% used [0x0000000795580000,0x00000007a3cbfcd0,0x00000007a7600000)
  from space 19968K, 0% used [0x00000007a8900000,0x00000007a8900000,0x00000007a9c80000)
  to   space 19456K, 0% used [0x00000007a7600000,0x00000007a7600000,0x00000007a8900000)
 ParOldGen       total 147456K, used 32278K [0x0000000740000000, 0x0000000749000000, 0x0000000795580000)
  object space 147456K, 21% used [0x0000000740000000,0x0000000741f85bb0,0x0000000749000000)
 Metaspace       used 69577K, capacity 72556K, committed 72792K, reserved 1112064K
  class space    used 9611K, capacity 10254K, committed 10328K, reserved 1048576K
GC Heap History (10 events):
Event: 7.120 GC heap before
{Heap before GC invocations=9 (full 2):
 PSYoungGen      total 133632K, used 7441K [0x0000000795580000, 0x00000007a4300000, 0x00000007c0000000)
  eden space 121344K, 0% used [0x0000000795580000,0x0000000795580000,0x000000079cc00000)
  from space 12288K, 60% used [0x000000079cc00000,0x000000079d344540,0x000000079d800000)
  to   space 11776K, 0% used [0x00000007a3780000,0x00000007a3780000,0x00000007a4300000)
 ParOldGen       total 80384K, used 7357K [0x0000000740000000, 0x0000000744e80000, 0x0000000795580000)
  object space 80384K, 9% used [0x0000000740000000,0x000000074072f508,0x0000000744e80000)
 Metaspace       used 34050K, capacity 35340K, committed 35416K, reserved 1079296K
  class space    used 4595K, capacity 4911K, committed 4952K, reserved 1048576K
Event: 7.205 GC heap after
Heap after GC invocations=9 (full 2):
 PSYoungGen      total 133632K, used 0K [0x0000000795580000, 0x00000007a4300000, 0x00000007c0000000)
  eden space 121344K, 0% used [0x0000000795580000,0x0000000795580000,0x000000079cc00000)
  from space 12288K, 0% used [0x000000079cc00000,0x000000079cc00000,0x000000079d800000)
  to   space 11776K, 0% used [0x00000007a3780000,0x00000007a3780000,0x00000007a4300000)
 ParOldGen       total 103424K, used 13729K [0x0000000740000000, 0x0000000746500000, 0x0000000795580000)
  object space 103424K, 13% used [0x0000000740000000,0x0000000740d685b8,0x0000000746500000)
 Metaspace       used 34050K, capacity 35340K, committed 35416K, reserved 1079296K
  class space    used 4595K, capacity 4911K, committed 4952K, reserved 1048576K
}
Event: 8.926 GC heap before
{Heap before GC invocations=10 (full 2):
 PSYoungGen      total 133632K, used 121344K [0x0000000795580000, 0x00000007a4300000, 0x00000007c0000000)
  eden space 121344K, 100% used [0x0000000795580000,0x000000079cc00000,0x000000079cc00000)
  from space 12288K, 0% used [0x000000079cc00000,0x000000079cc00000,0x000000079d800000)
  to   space 11776K, 0% used [0x00000007a3780000,0x00000007a3780000,0x00000007a4300000)
 ParOldGen       total 103424K, used 13729K [0x0000000740000000, 0x0000000746500000, 0x0000000795580000)
  object space 103424K, 13% used [0x0000000740000000,0x0000000740d685b8,0x0000000746500000)
 Metaspace       used 38495K, capacity 40338K, committed 40536K, reserved 1083392K
  class space    used 5300K, capacity 5710K, committed 5720K, reserved 1048576K
Event: 8.941 GC heap after
Heap after GC invocations=10 (full 2):
 PSYoungGen      total 220160K, used 10672K [0x0000000795580000, 0x00000007a4200000, 0x00000007c0000000)
  eden space 209408K, 0% used [0x0000000795580000,0x0000000795580000,0x00000007a2200000)
  from space 10752K, 99% used [0x00000007a3780000,0x00000007a41ec3a8,0x00000007a4200000)
  to   space 12800K, 0% used [0x00000007a2900000,0x00000007a2900000,0x00000007a3580000)
 ParOldGen       total 103424K, used 13737K [0x0000000740000000, 0x0000000746500000, 0x0000000795580000)
  object space 103424K, 13% used [0x0000000740000000,0x0000000740d6a5b8,0x0000000746500000)
 Metaspace       used 38495K, capacity 40338K, committed 40536K, reserved 1083392K
  class space    used 5300K, capacity 5710K, committed 5720K, reserved 1048576K
}
Event: 11.775 GC heap before
{Heap before GC invocations=11 (full 2):
 PSYoungGen      total 220160K, used 220080K [0x0000000795580000, 0x00000007a4200000, 0x00000007c0000000)
  eden space 209408K, 100% used [0x0000000795580000,0x00000007a2200000,0x00000007a2200000)
  from space 10752K, 99% used [0x00000007a3780000,0x00000007a41ec3a8,0x00000007a4200000)
  to   space 12800K, 0% used [0x00000007a2900000,0x00000007a2900000,0x00000007a3580000)
 ParOldGen       total 103424K, used 13737K [0x0000000740000000, 0x0000000746500000, 0x0000000795580000)
  object space 103424K, 13% used [0x0000000740000000,0x0000000740d6a5b8,0x0000000746500000)
 Metaspace       used 54135K, capacity 56480K, committed 56664K, reserved 1097728K
  class space    used 7214K, capacity 7752K, committed 7768K, reserved 1048576K
Event: 11.799 GC heap after
Heap after GC invocations=11 (full 2):
 PSYoungGen      total 229376K, used 12788K [0x0000000795580000, 0x00000007a9c80000, 0x00000007c0000000)
  eden space 216576K, 0% used [0x0000000795580000,0x0000000795580000,0x00000007a2900000)
  from space 12800K, 99% used [0x00000007a2900000,0x00000007a357d300,0x00000007a3580000)
  to   space 19968K, 0% used [0x00000007a8900000,0x00000007a8900000,0x00000007a9c80000)
 ParOldGen       total 103424K, used 29364K [0x0000000740000000, 0x0000000746500000, 0x0000000795580000)
  object space 103424K, 28% used [0x0000000740000000,0x0000000741cad150,0x0000000746500000)
 Metaspace       used 54135K, capacity 56480K, committed 56664K, reserved 1097728K
  class space    used 7214K, capacity 7752K, committed 7768K, reserved 1048576K
}
Event: 12.158 GC heap before
{Heap before GC invocations=12 (full 2):
 PSYoungGen      total 229376K, used 36247K [0x0000000795580000, 0x00000007a9c80000, 0x00000007c0000000)
  eden space 216576K, 10% used [0x0000000795580000,0x0000000796c68a58,0x00000007a2900000)
  from space 12800K, 99% used [0x00000007a2900000,0x00000007a357d300,0x00000007a3580000)
  to   space 19968K, 0% used [0x00000007a8900000,0x00000007a8900000,0x00000007a9c80000)
 ParOldGen       total 103424K, used 29364K [0x0000000740000000, 0x0000000746500000, 0x0000000795580000)
  object space 103424K, 28% used [0x0000000740000000,0x0000000741cad150,0x0000000746500000)
 Metaspace       used 56352K, capacity 58848K, committed 59028K, reserved 1099776K
  class space    used 7558K, capacity 8122K, committed 8152K, reserved 1048576K
Event: 12.197 GC heap after
Heap after GC invocations=12 (full 2):
 PSYoungGen      total 315392K, used 10726K [0x0000000795580000, 0x00000007aac80000, 0x00000007c0000000)
  eden space 295424K, 0% used [0x0000000795580000,0x0000000795580000,0x00000007a7600000)
  from space 19968K, 53% used [0x00000007a8900000,0x00000007a93799d8,0x00000007a9c80000)
  to   space 19456K, 0% used [0x00000007a7600000,0x00000007a7600000,0x00000007a8900000)
 ParOldGen       total 103424K, used 34010K [0x0000000740000000, 0x0000000746500000, 0x0000000795580000)
  object space 103424K, 32% used [0x0000000740000000,0x00000007421368c0,0x0000000746500000)
 Metaspace       used 56352K, capacity 58848K, committed 59028K, reserved 1099776K
  class space    used 7558K, capacity 8122K, committed 8152K, reserved 1048576K
}
Event: 12.197 GC heap before
{Heap before GC invocations=13 (full 3):
 PSYoungGen      total 315392K, used 10726K [0x0000000795580000, 0x00000007aac80000, 0x00000007c0000000)
  eden space 295424K, 0% used [0x0000000795580000,0x0000000795580000,0x00000007a7600000)
  from space 19968K, 53% used [0x00000007a8900000,0x00000007a93799d8,0x00000007a9c80000)
  to   space 19456K, 0% used [0x00000007a7600000,0x00000007a7600000,0x00000007a8900000)
 ParOldGen       total 103424K, used 34010K [0x0000000740000000, 0x0000000746500000, 0x0000000795580000)
  object space 103424K, 32% used [0x0000000740000000,0x00000007421368c0,0x0000000746500000)
 Metaspace       used 56352K, capacity 58848K, committed 59028K, reserved 1099776K
  class space    used 7558K, capacity 8122K, committed 8152K, reserved 1048576K
Event: 12.428 GC heap after
Heap after GC invocations=13 (full 3):
 PSYoungGen      total 315392K, used 0K [0x0000000795580000, 0x00000007aac80000, 0x00000007c0000000)
  eden space 295424K, 0% used [0x0000000795580000,0x0000000795580000,0x00000007a7600000)
  from space 19968K, 0% used [0x00000007a8900000,0x00000007a8900000,0x00000007a9c80000)
  to   space 19456K, 0% used [0x00000007a7600000,0x00000007a7600000,0x00000007a8900000)
 ParOldGen       total 147456K, used 32278K [0x0000000740000000, 0x0000000749000000, 0x0000000795580000)
  object space 147456K, 21% used [0x0000000740000000,0x0000000741f85bb0,0x0000000749000000)
 Metaspace       used 56326K, capacity 58758K, committed 59028K, reserved 1099776K
  class space    used 7549K, capacity 8107K, committed 8152K, reserved 1048576K
}

